#
# A fatal error has been detected by the Java Runtime Environment:
#
#  EXCEPTION_UNCAUGHT_CXX_EXCEPTION (0xe06d7363) at pc=0x00007ff923657788, pid=2348, tid=7268
#
# JRE version: Java(TM) SE Runtime Environment (8.0_45-b15) (build 1.8.0_45-b15)
# Java VM: Java HotSpot(TM) 64-Bit Server VM (25.45-b02 mixed mode windows-amd64 compressed oops)
# Problematic frame:
# C  [KERNELBASE.dll+0x17788]
#
# Failed to write core dump. Minidumps are not enabled by default on client versions of Windows
#
# If you would like to submit a bug report, please visit:
#   http://bugreport.java.com/bugreport/crash.jsp
#

---------------  T H R E A D  ---------------

Current thread (0x0000000013bc6800):  VMThread [stack: 0x0000000014c50000,0x0000000014d50000] [id=7268]

siginfo: ExceptionCode=0xe06d7363, ExceptionInformation=0x0000000019930520 0x0000000014d4f648 0x00007ff9167b2cb8 0x00007ff916700000 

Registers:
RAX=0x004c0044002e006c, RBX=0x00007ff9167b2cb8, RCX=0x000000000000004c, RDX=0x0000000000000000
RSP=0x0000000014d4f490, RBP=0x0000000014d4f5d0, RSI=0x00000000ffffffff, RDI=0x00000000244bcd80
R8 =0x0000000000000000, R9 =0x0000000000000000, R10=0x0000000000000000, R11=0x0000000000000000
R12=0x0000000000000001, R13=0x0000000000000008, R14=0x0000000000000000, R15=0xffffffffffffffff
RIP=0x00007ff923657788, EFLAGS=0x0000000000000202

Top of Stack: (sp=0x0000000014d4f490)
0x0000000014d4f490:   0000000000000000 00007ff9167b2cb8
0x0000000014d4f4a0:   00000000ffffffff 00000000244bcd80
0x0000000014d4f4b0:   00000001e06d7363 0000000000000000
0x0000000014d4f4c0:   00007ff923657788 0000000000000004
0x0000000014d4f4d0:   0000000019930520 0000000014d4f648
0x0000000014d4f4e0:   00007ff9167b2cb8 00007ff916700000
0x0000000014d4f4f0:   0000000000000008 0000000000000001
0x0000000014d4f500:   00000000244bcd80 00000000ffffffff
0x0000000014d4f510:   0000000014d4f5d0 00007ff9265ec26f
0x0000000014d4f520:   0000000014d4f5e0 0000000000000000
0x0000000014d4f530:   00007628838328c1 0000000000000001
0x0000000014d4f540:   00007ff9167c9000 00007ff916700000
0x0000000014d4f550:   00002d4adbee1044 000000000000003f
0x0000000014d4f560:   00007ff9167b2cb8 00007ff91675e92c
0x0000000014d4f570:   000000000000001f 0000000000000008
0x0000000014d4f580:   0000000000000001 00000000244bcd80 

Instructions: (pc=0x00007ff923657788)
0x00007ff923657768:   49 8b d1 44 0f 47 c0 44 89 44 24 38 49 c1 e0 03
0x00007ff923657778:   e8 07 55 06 00 48 8d 4c 24 20 ff 15 d0 08 13 00
0x00007ff923657788:   48 8b 8c 24 c0 00 00 00 48 33 cc e8 98 1a 06 00
0x00007ff923657798:   48 81 c4 d8 00 00 00 c3 83 64 24 38 00 eb d6 cc 


Register to memory mapping:

RAX=0x004c0044002e006c is an unknown value
RBX=0x00007ff9167b2cb8 is an unknown value
RCX=0x000000000000004c is an unknown value
RDX=0x0000000000000000 is an unknown value
RSP=0x0000000014d4f490 is an unknown value
RBP=0x0000000014d4f5d0 is an unknown value
RSI=0x00000000ffffffff is an unallocated location in the heap
RDI=0x00000000244bcd80 is an unknown value
R8 =0x0000000000000000 is an unknown value
R9 =0x0000000000000000 is an unknown value
R10=0x0000000000000000 is an unknown value
R11=0x0000000000000000 is an unknown value
R12=0x0000000000000001 is an unknown value
R13=0x0000000000000008 is an unknown value
R14=0x0000000000000000 is an unknown value
R15=0xffffffffffffffff is an unknown value


Stack: [0x0000000014c50000,0x0000000014d50000],  sp=0x0000000014d4f490,  free space=1021k
Native frames: (J=compiled Java code, j=interpreted, Vv=VM code, C=native code)
C  [KERNELBASE.dll+0x17788]
C  [MSVCR110.dll+0x5e92c]
C  [MSVCR110.dll+0x1315c]
C  [MSVCR110.dll+0x136a9]
C  [MSVCR110.dll+0x13e9c]
C  [MSVCR110.dll+0x239e]
C  [MSVCR110.dll+0xaf9e]
C  [MSVCP110.dll+0x397b9]
C  [librdi_common.dll+0x14283e]
C  [librdi_common.dll+0x141449]
C  0x00007ff91a7d2400
C  0x00007ff91a7d2682
C  [ntdll.dll+0x2a35f]
C  [ntdll.dll+0x806b]
C  [ntdll.dll+0x7d94]
C  [KERNEL32.DLL+0x1ce6a]
C  [MSVCR100.dll+0x20ccd]
V  [jvm.dll+0x20f135]
V  [jvm.dll+0x247ef7]
V  [jvm.dll+0x247196]
V  [jvm.dll+0x247631]
V  [jvm.dll+0x24784e]
V  [jvm.dll+0x29853a]
C  [MSVCR100.dll+0x21d9f]
C  [MSVCR100.dll+0x21e3b]
C  [KERNEL32.DLL+0x8364]
C  [ntdll.dll+0x670d1]

VM_Operation (0x000000000014f500): Exit, mode: safepoint, requested by thread 0x00000000026de000


---------------  P R O C E S S  ---------------

Java Threads: ( => current thread )
  0x0000000019917800 JavaThread "Spawner Reaper" daemon [_thread_in_native, id=5708, stack(0x000000004fb40000,0x000000004fc40000)]
  0x00000000197cc800 JavaThread "pool-2-thread-3" [_thread_blocked, id=4304, stack(0x000000003ac40000,0x000000003ad40000)]
  0x000000001959c000 JavaThread "pool-2-thread-2" [_thread_blocked, id=1048, stack(0x0000000039440000,0x0000000039540000)]
  0x000000001959b800 JavaThread "pool-2-thread-1" [_thread_blocked, id=1140, stack(0x0000000037440000,0x0000000037540000)]
  0x000000001959a800 JavaThread "Thread-29" daemon [_thread_blocked, id=5728, stack(0x0000000037240000,0x0000000037340000)]
  0x0000000018f2a800 JavaThread "TCF Locator DNS Lookup" daemon [_thread_blocked, id=7512, stack(0x000000001f930000,0x000000001fa30000)]
  0x0000000018f2e000 JavaThread "TCF Locator Timer" daemon [_thread_blocked, id=7384, stack(0x000000001f830000,0x000000001f930000)]
  0x0000000018f2f000 JavaThread "TCF Locator Receiver" daemon [_thread_in_native, id=6256, stack(0x000000001e260000,0x000000001e360000)]
  0x0000000018f30800 JavaThread "TCF Timer Dispatcher" daemon [_thread_blocked, id=9440, stack(0x000000001e060000,0x000000001e160000)]
  0x0000000019724800 JavaThread "EMF Reference Cleaner" daemon [_thread_blocked, id=7428, stack(0x000000001b400000,0x000000001b500000)]
  0x0000000013c5e000 JavaThread "Service Thread" daemon [_thread_blocked, id=8612, stack(0x0000000015850000,0x0000000015950000)]
  0x0000000013c00800 JavaThread "C1 CompilerThread2" daemon [_thread_blocked, id=2344, stack(0x0000000015350000,0x0000000015450000)]
  0x0000000013bfd000 JavaThread "C2 CompilerThread1" daemon [_thread_blocked, id=10076, stack(0x0000000015250000,0x0000000015350000)]
  0x0000000013c0c800 JavaThread "C2 CompilerThread0" daemon [_thread_blocked, id=7284, stack(0x0000000015150000,0x0000000015250000)]
  0x0000000013c0b000 JavaThread "Attach Listener" daemon [_thread_blocked, id=4364, stack(0x0000000015050000,0x0000000015150000)]
  0x0000000013c08000 JavaThread "Signal Dispatcher" daemon [_thread_blocked, id=5952, stack(0x0000000014f50000,0x0000000015050000)]
  0x00000000027d8000 JavaThread "Finalizer" daemon [_thread_blocked, id=228, stack(0x0000000014e50000,0x0000000014f50000)]
  0x00000000027cf000 JavaThread "Reference Handler" daemon [_thread_blocked, id=8820, stack(0x0000000014d50000,0x0000000014e50000)]
  0x00000000026de000 JavaThread "main" [_thread_blocked, id=7492, stack(0x0000000000050000,0x0000000000150000)]

Other Threads:
=>0x0000000013bc6800 VMThread [stack: 0x0000000014c50000,0x0000000014d50000] [id=7268]

VM state:at safepoint (shutting down)

VM Mutex/Monitor currently owned by a thread:  ([mutex/lock_event])
[0x00000000026dd6a0] Threads_lock - owner thread: 0x0000000013bc6800

Heap:
 PSYoungGen      total 125952K, used 117488K [0x00000000f5580000, 0x00000000fd800000, 0x0000000100000000)
  eden space 118272K, 99% used [0x00000000f5580000,0x00000000fc83c048,0x00000000fc900000)
  from space 7680K, 0% used [0x00000000fc900000,0x00000000fc900000,0x00000000fd080000)
  to   space 7680K, 0% used [0x00000000fd080000,0x00000000fd080000,0x00000000fd800000)
 ParOldGen       total 91648K, used 53464K [0x00000000e0000000, 0x00000000e5980000, 0x00000000f5580000)
  object space 91648K, 58% used [0x00000000e0000000,0x00000000e34360a8,0x00000000e5980000)
 Metaspace       used 95301K, capacity 102672K, committed 102912K, reserved 1138688K
  class space    used 11351K, capacity 13533K, committed 13568K, reserved 1048576K

Card table byte_map: [0x0000000011ba0000,0x0000000011cb0000] byte_map_base: 0x00000000114a0000

Marking Bits: (ParMarkBitMap*) 0x0000000050db4040
 Begin Bits: [0x0000000012160000, 0x0000000012960000)
 End Bits:   [0x0000000012960000, 0x0000000013160000)

Polling page: 0x00000000004e0000

CodeCache: size=245760Kb used=60354Kb max_used=60356Kb free=185405Kb
 bounds [0x00000000027e0000, 0x0000000006350000, 0x00000000117e0000]
 total_blobs=16585 nmethods=15699 adapters=792
 compilation: enabled

Compilation events (10 events):
Event: 7240.070 Thread 0x0000000013c00800 21125       3       org.eclipse.osgi.internal.loader.BundleLoader::closeBundleLoader (38 bytes)
Event: 7240.071 Thread 0x0000000013c00800 nmethod 21125 0x00000000039a0ad0 code [0x00000000039a0c60, 0x00000000039a10c8]
Event: 7240.076 Thread 0x0000000013c00800 21126       3       java.util.Collections$SetFromMap::contains (11 bytes)
Event: 7240.076 Thread 0x0000000013c00800 nmethod 21126 0x0000000005c48e90 code [0x0000000005c49000, 0x0000000005c49228]
Event: 7240.135 Thread 0x0000000013c0c800 nmethod 21101 0x0000000006342090 code [0x00000000063424c0, 0x00000000063456d0]
Event: 7240.164 Thread 0x0000000013bfd000 nmethod 21105 0x00000000063499d0 code [0x0000000006349d60, 0x000000000634cc20]
Event: 7240.261 Thread 0x0000000013c00800 21127   !   3       org.eclipse.osgi.internal.baseadaptor.BaseStorage::compact (215 bytes)
Event: 7240.265 Thread 0x0000000013c00800 nmethod 21127 0x000000000633e290 code [0x000000000633e6e0, 0x0000000006340ba8]
Event: 7240.614 Thread 0x0000000013c00800 21128       3       org.eclipse.osgi.framework.internal.core.AbstractBundle::close (52 bytes)
Event: 7240.615 Thread 0x0000000013c00800 nmethod 21128 0x0000000004317cd0 code [0x0000000004317f00, 0x0000000004318c08]

GC Heap History (10 events):
Event: 2800.282 GC heap before
{Heap before GC invocations=90 (full 29):
 PSYoungGen      total 126464K, used 160K [0x00000000f5580000, 0x00000000fd900000, 0x0000000100000000)
  eden space 118272K, 0% used [0x00000000f5580000,0x00000000f5580000,0x00000000fc900000)
  from space 8192K, 1% used [0x00000000fc900000,0x00000000fc928000,0x00000000fd100000)
  to   space 8192K, 0% used [0x00000000fd100000,0x00000000fd100000,0x00000000fd900000)
 ParOldGen       total 91648K, used 53703K [0x00000000e0000000, 0x00000000e5980000, 0x00000000f5580000)
  object space 91648K, 58% used [0x00000000e0000000,0x00000000e3471fd0,0x00000000e5980000)
 Metaspace       used 94664K, capacity 102042K, committed 102400K, reserved 1138688K
  class space    used 11282K, capacity 13498K, committed 13568K, reserved 1048576K
Event: 2800.459 GC heap after
Heap after GC invocations=90 (full 29):
 PSYoungGen      total 126464K, used 0K [0x00000000f5580000, 0x00000000fd900000, 0x0000000100000000)
  eden space 118272K, 0% used [0x00000000f5580000,0x00000000f5580000,0x00000000fc900000)
  from space 8192K, 0% used [0x00000000fc900000,0x00000000fc900000,0x00000000fd100000)
  to   space 8192K, 0% used [0x00000000fd100000,0x00000000fd100000,0x00000000fd900000)
 ParOldGen       total 91648K, used 53557K [0x00000000e0000000, 0x00000000e5980000, 0x00000000f5580000)
  object space 91648K, 58% used [0x00000000e0000000,0x00000000e344d608,0x00000000e5980000)
 Metaspace       used 94664K, capacity 102042K, committed 102400K, reserved 1138688K
  class space    used 11282K, capacity 13498K, committed 13568K, reserved 1048576K
}
Event: 2860.307 GC heap before
{Heap before GC invocations=91 (full 29):
 PSYoungGen      total 126464K, used 3366K [0x00000000f5580000, 0x00000000fd900000, 0x0000000100000000)
  eden space 118272K, 2% used [0x00000000f5580000,0x00000000f58c9bc0,0x00000000fc900000)
  from space 8192K, 0% used [0x00000000fc900000,0x00000000fc900000,0x00000000fd100000)
  to   space 8192K, 0% used [0x00000000fd100000,0x00000000fd100000,0x00000000fd900000)
 ParOldGen       total 91648K, used 53557K [0x00000000e0000000, 0x00000000e5980000, 0x00000000f5580000)
  object space 91648K, 58% used [0x00000000e0000000,0x00000000e344d608,0x00000000e5980000)
 Metaspace       used 94664K, capacity 102042K, committed 102400K, reserved 1138688K
  class space    used 11282K, capacity 13498K, committed 13568K, reserved 1048576K
Event: 2860.312 GC heap after
Heap after GC invocations=91 (full 29):
 PSYoungGen      total 125440K, used 192K [0x00000000f5580000, 0x00000000fd800000, 0x0000000100000000)
  eden space 118272K, 0% used [0x00000000f5580000,0x00000000f5580000,0x00000000fc900000)
  from space 7168K, 2% used [0x00000000fd100000,0x00000000fd130000,0x00000000fd800000)
  to   space 7680K, 0% used [0x00000000fc900000,0x00000000fc900000,0x00000000fd080000)
 ParOldGen       total 91648K, used 53557K [0x00000000e0000000, 0x00000000e5980000, 0x00000000f5580000)
  object space 91648K, 58% used [0x00000000e0000000,0x00000000e344d608,0x00000000e5980000)
 Metaspace       used 94664K, capacity 102042K, committed 102400K, reserved 1138688K
  class space    used 11282K, capacity 13498K, committed 13568K, reserved 1048576K
}
Event: 2860.312 GC heap before
{Heap before GC invocations=92 (full 30):
 PSYoungGen      total 125440K, used 192K [0x00000000f5580000, 0x00000000fd800000, 0x0000000100000000)
  eden space 118272K, 0% used [0x00000000f5580000,0x00000000f5580000,0x00000000fc900000)
  from space 7168K, 2% used [0x00000000fd100000,0x00000000fd130000,0x00000000fd800000)
  to   space 7680K, 0% used [0x00000000fc900000,0x00000000fc900000,0x00000000fd080000)
 ParOldGen       total 91648K, used 53557K [0x00000000e0000000, 0x00000000e5980000, 0x00000000f5580000)
  object space 91648K, 58% used [0x00000000e0000000,0x00000000e344d608,0x00000000e5980000)
 Metaspace       used 94664K, capacity 102042K, committed 102400K, reserved 1138688K
  class space    used 11282K, capacity 13498K, committed 13568K, reserved 1048576K
Event: 2860.530 GC heap after
Heap after GC invocations=92 (full 30):
 PSYoungGen      total 125440K, used 0K [0x00000000f5580000, 0x00000000fd800000, 0x0000000100000000)
  eden space 118272K, 0% used [0x00000000f5580000,0x00000000f5580000,0x00000000fc900000)
  from space 7168K, 0% used [0x00000000fd100000,0x00000000fd100000,0x00000000fd800000)
  to   space 7680K, 0% used [0x00000000fc900000,0x00000000fc900000,0x00000000fd080000)
 ParOldGen       total 91648K, used 53475K [0x00000000e0000000, 0x00000000e5980000, 0x00000000f5580000)
  object space 91648K, 58% used [0x00000000e0000000,0x00000000e3438fe0,0x00000000e5980000)
 Metaspace       used 94664K, capacity 102042K, committed 102400K, reserved 1138688K
  class space    used 11282K, capacity 13498K, committed 13568K, reserved 1048576K
}
Event: 2920.300 GC heap before
{Heap before GC invocations=93 (full 30):
 PSYoungGen      total 125440K, used 3415K [0x00000000f5580000, 0x00000000fd800000, 0x0000000100000000)
  eden space 118272K, 2% used [0x00000000f5580000,0x00000000f58d5fe0,0x00000000fc900000)
  from space 7168K, 0% used [0x00000000fd100000,0x00000000fd100000,0x00000000fd800000)
  to   space 7680K, 0% used [0x00000000fc900000,0x00000000fc900000,0x00000000fd080000)
 ParOldGen       total 91648K, used 53475K [0x00000000e0000000, 0x00000000e5980000, 0x00000000f5580000)
  object space 91648K, 58% used [0x00000000e0000000,0x00000000e3438fe0,0x00000000e5980000)
 Metaspace       used 94676K, capacity 102042K, committed 102400K, reserved 1138688K
  class space    used 11284K, capacity 13498K, committed 13568K, reserved 1048576K
Event: 2920.309 GC heap after
Heap after GC invocations=93 (full 30):
 PSYoungGen      total 125952K, used 192K [0x00000000f5580000, 0x00000000fd800000, 0x0000000100000000)
  eden space 118272K, 0% used [0x00000000f5580000,0x00000000f5580000,0x00000000fc900000)
  from space 7680K, 2% used [0x00000000fc900000,0x00000000fc930000,0x00000000fd080000)
  to   space 7680K, 0% used [0x00000000fd080000,0x00000000fd080000,0x00000000fd800000)
 ParOldGen       total 91648K, used 53475K [0x00000000e0000000, 0x00000000e5980000, 0x00000000f5580000)
  object space 91648K, 58% used [0x00000000e0000000,0x00000000e3438fe0,0x00000000e5980000)
 Metaspace       used 94676K, capacity 102042K, committed 102400K, reserved 1138688K
  class space    used 11284K, capacity 13498K, committed 13568K, reserved 1048576K
}
Event: 2920.309 GC heap before
{Heap before GC invocations=94 (full 31):
 PSYoungGen      total 125952K, used 192K [0x00000000f5580000, 0x00000000fd800000, 0x0000000100000000)
  eden space 118272K, 0% used [0x00000000f5580000,0x00000000f5580000,0x00000000fc900000)
  from space 7680K, 2% used [0x00000000fc900000,0x00000000fc930000,0x00000000fd080000)
  to   space 7680K, 0% used [0x00000000fd080000,0x00000000fd080000,0x00000000fd800000)
 ParOldGen       total 91648K, used 53475K [0x00000000e0000000, 0x00000000e5980000, 0x00000000f5580000)
  object space 91648K, 58% used [0x00000000e0000000,0x00000000e3438fe0,0x00000000e5980000)
 Metaspace       used 94676K, capacity 102042K, committed 102400K, reserved 1138688K
  class space    used 11284K, capacity 13498K, committed 13568K, reserved 1048576K
Event: 2920.555 GC heap after
Heap after GC invocations=94 (full 31):
 PSYoungGen      total 125952K, used 0K [0x00000000f5580000, 0x00000000fd800000, 0x0000000100000000)
  eden space 118272K, 0% used [0x00000000f5580000,0x00000000f5580000,0x00000000fc900000)
  from space 7680K, 0% used [0x00000000fc900000,0x00000000fc900000,0x00000000fd080000)
  to   space 7680K, 0% used [0x00000000fd080000,0x00000000fd080000,0x00000000fd800000)
 ParOldGen       total 91648K, used 53464K [0x00000000e0000000, 0x00000000e5980000, 0x00000000f5580000)
  object space 91648K, 58% used [0x00000000e0000000,0x00000000e34360a8,0x00000000e5980000)
 Metaspace       used 94676K, capacity 102042K, committed 102400K, reserved 1138688K
  class space    used 11284K, capacity 13498K, committed 13568K, reserved 1048576K
}

Deoptimization events (10 events):
Event: 7239.190 Thread 0x00000000026de000 Uncommon trap: reason=predicate action=maybe_recompile pc=0x00000000044d6b90 method=java.util.concurrent.CopyOnWriteArrayList.indexOf(Ljava/lang/Object;[Ljava/lang/Object;II)I @ 41
Event: 7239.194 Thread 0x00000000026de000 Uncommon trap: reason=unstable_if action=reinterpret pc=0x0000000005b07e38 method=org.eclipse.core.internal.resources.Resource.getModificationStamp()J @ 8
Event: 7239.195 Thread 0x00000000026de000 Uncommon trap: reason=unstable_if action=reinterpret pc=0x0000000005a3fcf8 method=org.eclipse.core.internal.resources.Resource.getLocalTimeStamp()J @ 8
Event: 7239.195 Thread 0x00000000026de000 Uncommon trap: reason=unstable_if action=reinterpret pc=0x00000000034e7388 method=org.eclipse.ui.internal.UILockListener.isUI()Z @ 7
Event: 7239.205 Thread 0x00000000026de000 Uncommon trap: reason=null_check action=make_not_entrant pc=0x00000000030aa084 method=org.eclipse.core.runtime.internal.adaptor.EclipseLazyStarter.shouldActivateFor(Ljava/lang/String;Lorg/eclipse/osgi/baseadaptor/BaseData;Lorg/eclipse/core/runtime/internal°8Â¿6Gº@
Event: 7239.214 Thread 0x00000000026de000 Uncommon trap: reason=unstable_if action=reinterpret pc=0x000000000306b9c8 method=org.eclipse.swt.graphics.Resource.dispose()V @ 15
Event: 7239.230 Thread 0x00000000026de000 Uncommon trap: reason=predicate action=maybe_recompile pc=0x00000000062f7bb8 method=java.io.OutputStream.write([BII)V @ 62
Event: 7240.033 Thread 0x0000000016690800 Uncommon trap: reason=unstable_if action=reinterpret pc=0x000000000314f5d0 method=org.eclipse.osgi.framework.internal.core.BundleContextImpl.dispatchEvent(Ljava/lang/Object;Ljava/lang/Object;ILjava/lang/Object;)V @ 16
Event: 7240.132 Thread 0x000000001991e800 Uncommon trap: reason=unstable_if action=reinterpret pc=0x00000000032bf180 method=org.eclipse.tcf.EventQueue.invokeLater(Ljava/lang/Runnable;)V @ 22
Event: 7240.615 Thread 0x00000000026de000 Uncommon trap: reason=unstable_if action=reinterpret pc=0x0000000003961168 method=sun.reflect.UnsafeStaticObjectFieldAccessorImpl.set(Ljava/lang/Object;Ljava/lang/Object;)V @ 13

Internal exceptions (10 events):
Event: 7240.133 Thread 0x000000001991e800 Exception <a 'java/io/IOException'> (0x00000000fc183e28) thrown at [C:\re\workspace\8-2-build-windows-amd64-cygwin\jdk8u45\3627\hotspot\src\share\vm\prims\jni.cpp, line 709]
Event: 7240.133 Thread 0x000000001991e800 Exception <a 'java/io/IOException'> (0x00000000fc1844d0) thrown at [C:\re\workspace\8-2-build-windows-amd64-cygwin\jdk8u45\3627\hotspot\src\share\vm\prims\jni.cpp, line 709]
Event: 7240.133 Thread 0x000000001991e800 Exception <a 'java/io/IOException'> (0x00000000fc184708) thrown at [C:\re\workspace\8-2-build-windows-amd64-cygwin\jdk8u45\3627\hotspot\src\share\vm\prims\jni.cpp, line 709]
Event: 7240.133 Thread 0x000000001991e800 Exception <a 'java/io/IOException'> (0x00000000fc184910) thrown at [C:\re\workspace\8-2-build-windows-amd64-cygwin\jdk8u45\3627\hotspot\src\share\vm\prims\jni.cpp, line 709]
Event: 7240.133 Thread 0x000000001991e800 Exception <a 'java/io/IOException'> (0x00000000fc184f98) thrown at [C:\re\workspace\8-2-build-windows-amd64-cygwin\jdk8u45\3627\hotspot\src\share\vm\prims\jni.cpp, line 709]
Event: 7240.133 Thread 0x000000001991e800 Exception <a 'java/io/IOException'> (0x00000000fc1851d0) thrown at [C:\re\workspace\8-2-build-windows-amd64-cygwin\jdk8u45\3627\hotspot\src\share\vm\prims\jni.cpp, line 709]
Event: 7240.133 Thread 0x000000001991e800 Exception <a 'java/io/IOException'> (0x00000000fc1853d8) thrown at [C:\re\workspace\8-2-build-windows-amd64-cygwin\jdk8u45\3627\hotspot\src\share\vm\prims\jni.cpp, line 709]
Event: 7240.614 Thread 0x0000000016690800 Exception <a 'java/lang/InterruptedException'> (0x00000000fc5627f8) thrown at [C:\re\workspace\8-2-build-windows-amd64-cygwin\jdk8u45\3627\hotspot\src\share\vm\runtime\objectMonitor.cpp, line 1683]
Event: 7240.614 Thread 0x00000000026de000 Implicit null exception at 0x0000000003960d57 to 0x0000000003961155
Event: 7240.625 Thread 0x000000001991e800 Exception <a 'java/io/IOException'> (0x00000000fc814ac0) thrown at [C:\re\workspace\8-2-build-windows-amd64-cygwin\jdk8u45\3627\hotspot\src\share\vm\prims\jni.cpp, line 709]

Events (10 events):
Event: 7240.624 Executing VM operation: RevokeBias
Event: 7240.624 Executing VM operation: RevokeBias done
Event: 7240.624 Executing VM operation: RevokeBias
Event: 7240.624 Executing VM operation: RevokeBias done
Event: 7240.625 Executing VM operation: RevokeBias
Event: 7240.625 Executing VM operation: RevokeBias done
Event: 7240.625 Executing VM operation: RevokeBias
Event: 7240.625 Executing VM operation: RevokeBias done
Event: 7240.625 Thread 0x000000001991e800 Thread exited: 0x000000001991e800
Event: 7240.627 Executing VM operation: Exit


Dynamic libraries:
0x0000000000400000 - 0x000000000044f000 	C:\Xilinx\SDK\2015.4\eclipse\win64.o\eclipse.exe
0x00007ff9265a0000 - 0x00007ff926771000 	C:\WINDOWS\SYSTEM32\ntdll.dll
0x00007ff9245c0000 - 0x00007ff92466b000 	C:\WINDOWS\System32\KERNEL32.DLL
0x00007ff923640000 - 0x00007ff92385d000 	C:\WINDOWS\System32\KERNELBASE.dll
0x00007ff9243a0000 - 0x00007ff924505000 	C:\WINDOWS\System32\USER32.dll
0x00007ff922d70000 - 0x00007ff922d8e000 	C:\WINDOWS\System32\win32u.dll
0x00007ff924510000 - 0x00007ff924544000 	C:\WINDOWS\System32\GDI32.dll
0x00007ff922b90000 - 0x00007ff922d12000 	C:\WINDOWS\System32\gdi32full.dll
0x00007ff923b30000 - 0x00007ff923bce000 	C:\WINDOWS\System32\msvcrt.dll
0x00007ff912870000 - 0x00007ff912ae9000 	C:\WINDOWS\WinSxS\amd64_microsoft.windows.common-controls_6595b64144ccf1df_6.0.14393.447_none_42191651c6827bb3\COMCTL32.dll
0x00007ff924670000 - 0x00007ff924938000 	C:\WINDOWS\System32\combase.dll
0x00007ff922a90000 - 0x00007ff922b85000 	C:\WINDOWS\System32\ucrtbase.dll
0x00007ff923bd0000 - 0x00007ff923cf1000 	C:\WINDOWS\System32\RPCRT4.dll
0x00007ff923970000 - 0x00007ff9239da000 	C:\WINDOWS\System32\bcryptPrimitives.dll
0x00007ff924e10000 - 0x00007ff924e3e000 	C:\WINDOWS\System32\IMM32.DLL
0x0000000072000000 - 0x0000000072012000 	C:\Xilinx\SDK\2015.4\eclipse\win64.o\plugins\org.eclipse.equinox.launcher.win32.win32.x86_64_1.1.200.v20140116-2212\eclipse_1503.dll
0x00007ff923d20000 - 0x00007ff923dc2000 	C:\WINDOWS\System32\ADVAPI32.dll
0x00007ff924340000 - 0x00007ff924399000 	C:\WINDOWS\System32\sechost.dll
0x00007ff916630000 - 0x00007ff91663a000 	C:\WINDOWS\SYSTEM32\VERSION.dll
0x00007ff9210c0000 - 0x00007ff921155000 	C:\WINDOWS\system32\uxtheme.dll
0x00007ff923ea0000 - 0x00007ff923ffb000 	C:\WINDOWS\System32\MSCTF.dll
0x00007ff923de0000 - 0x00007ff923e9f000 	C:\WINDOWS\System32\OLEAUT32.dll
0x00007ff9239e0000 - 0x00007ff923a7c000 	C:\WINDOWS\System32\msvcp_win.dll
0x00007ff905670000 - 0x00007ff905708000 	C:\Program Files\Common Files\microsoft shared\ink\tiptsf.dll
0x00000000505b0000 - 0x0000000050e33000 	C:\Xilinx\SDK\2015.4\tps\win64\jre\bin\server\jvm.dll
0x00007ff924eb0000 - 0x00007ff924eb8000 	C:\WINDOWS\System32\PSAPI.DLL
0x00007ff920900000 - 0x00007ff920923000 	C:\WINDOWS\SYSTEM32\WINMM.dll
0x00007ff901600000 - 0x00007ff901609000 	C:\WINDOWS\SYSTEM32\WSOCK32.dll
0x00007ff924e40000 - 0x00007ff924eaa000 	C:\WINDOWS\System32\WS2_32.dll
0x00000000503a0000 - 0x0000000050472000 	C:\Xilinx\SDK\2015.4\tps\win64\jre\bin\MSVCR100.dll
0x0000000000490000 - 0x00000000004bb000 	C:\WINDOWS\SYSTEM32\WINMMBASE.dll
0x00007ff922d20000 - 0x00007ff922d62000 	C:\WINDOWS\System32\cfgmgr32.dll
0x0000000050390000 - 0x000000005039f000 	C:\Xilinx\SDK\2015.4\tps\win64\jre\bin\verify.dll
0x0000000050360000 - 0x0000000050389000 	C:\Xilinx\SDK\2015.4\tps\win64\jre\bin\java.dll
0x0000000050340000 - 0x0000000050356000 	C:\Xilinx\SDK\2015.4\tps\win64\jre\bin\zip.dll
0x00007ff924f30000 - 0x00007ff926439000 	C:\WINDOWS\System32\SHELL32.dll
0x00007ff922f60000 - 0x00007ff92363a000 	C:\WINDOWS\System32\windows.storage.dll
0x00007ff922a10000 - 0x00007ff922a5c000 	C:\WINDOWS\System32\powrprof.dll
0x00007ff9242e0000 - 0x00007ff924332000 	C:\WINDOWS\System32\shlwapi.dll
0x00007ff922a00000 - 0x00007ff922a0f000 	C:\WINDOWS\System32\kernel.appcore.dll
0x00007ff923a80000 - 0x00007ff923b29000 	C:\WINDOWS\System32\shcore.dll
0x00007ff922a60000 - 0x00007ff922a74000 	C:\WINDOWS\System32\profapi.dll
0x00007ff9224d0000 - 0x00007ff9224e7000 	C:\WINDOWS\SYSTEM32\CRYPTSP.dll
0x00007ff921f40000 - 0x00007ff921f73000 	C:\WINDOWS\system32\rsaenh.dll
0x00007ff9225e0000 - 0x00007ff92260b000 	C:\WINDOWS\SYSTEM32\bcrypt.dll
0x00007ff9221b0000 - 0x00007ff9221cf000 	C:\WINDOWS\SYSTEM32\USERENV.dll
0x00007ff9224f0000 - 0x00007ff9224fb000 	C:\WINDOWS\SYSTEM32\CRYPTBASE.dll
0x0000000050320000 - 0x000000005033a000 	C:\Xilinx\SDK\2015.4\tps\win64\jre\bin\net.dll
0x00007ff922330000 - 0x00007ff92238c000 	C:\WINDOWS\system32\mswsock.dll
0x00007ff9220c0000 - 0x00007ff9220f8000 	C:\WINDOWS\SYSTEM32\IPHLPAPI.DLL
0x00007ff924ec0000 - 0x00007ff924ec8000 	C:\WINDOWS\System32\NSI.dll
0x00007ff912690000 - 0x00007ff9126a6000 	C:\WINDOWS\SYSTEM32\dhcpcsvc6.DLL
0x00007ff914ef0000 - 0x00007ff914f0a000 	C:\WINDOWS\SYSTEM32\dhcpcsvc.DLL
0x0000000050300000 - 0x0000000050311000 	C:\Xilinx\SDK\2015.4\tps\win64\jre\bin\nio.dll
0x00007ff924d70000 - 0x00007ff924e0f000 	C:\WINDOWS\System32\clbcatq.dll
0x00007ff9057b0000 - 0x00007ff90595a000 	C:\Windows\System32\uiautomationcore.dll
0x00007ff9228d0000 - 0x00007ff922968000 	C:\WINDOWS\SYSTEM32\sxs.dll
0x00007ff905070000 - 0x00007ff9050d5000 	C:\Windows\System32\OLEACC.dll
0x00007ff90f260000 - 0x00007ff90f276000 	C:\WINDOWS\system32\napinsp.dll
0x00007ff90f290000 - 0x00007ff90f2aa000 	C:\WINDOWS\system32\pnrpnsp.dll
0x00007ff91fd20000 - 0x00007ff91fd38000 	C:\WINDOWS\system32\NLAapi.dll
0x00007ff922100000 - 0x00007ff9221a0000 	C:\WINDOWS\SYSTEM32\DNSAPI.dll
0x00007ff90f280000 - 0x00007ff90f28e000 	C:\WINDOWS\System32\winrnr.dll
0x00007ff91bd20000 - 0x00007ff91bd35000 	C:\WINDOWS\System32\wshbth.dll
0x00007ff9109c0000 - 0x00007ff9109ca000 	C:\Windows\System32\rasadhlp.dll
0x00007ff912460000 - 0x00007ff9124ca000 	C:\WINDOWS\System32\fwpuclnt.dll
0x00007ff924000000 - 0x00007ff924137000 	C:\WINDOWS\System32\ole32.dll
0x0000000018420000 - 0x00000000184c8000 	C:\Users\chan_\.Xilinx\SDK\2015.4\org.eclipse.osgi\bundles\303\1\.cp\swt-win32-4335.dll
0x00007ff9264a0000 - 0x00007ff92659a000 	C:\WINDOWS\System32\comdlg32.dll
0x00007ff922d90000 - 0x00007ff922f59000 	C:\WINDOWS\System32\CRYPT32.dll
0x00007ff922a80000 - 0x00007ff922a90000 	C:\WINDOWS\System32\MSASN1.dll
0x00007ff8f7a00000 - 0x00007ff8f7a85000 	C:\WINDOWS\SYSTEM32\WINSPOOL.DRV
0x00007ff910b40000 - 0x00007ff910dd3000 	C:\WINDOWS\SYSTEM32\WININET.dll
0x00007ff91cd80000 - 0x00007ff91cd99000 	C:\WINDOWS\SYSTEM32\USP10.dll
0x00007ff920680000 - 0x00007ff9206a6000 	C:\WINDOWS\system32\dwmapi.dll
0x00007ff9206b0000 - 0x00007ff920835000 	C:\WINDOWS\SYSTEM32\propsys.dll
0x0000000018510000 - 0x000000001852e000 	C:\Users\chan_\.Xilinx\SDK\2015.4\org.eclipse.osgi\bundles\303\1\.cp\swt-gdip-win32-4335.dll
0x00007ff90fc50000 - 0x00007ff90fdea000 	C:\WINDOWS\WinSxS\amd64_microsoft.windows.gdiplus_6595b64144ccf1df_1.1.14393.321_none_72fe05dd211a5fae\gdiplus.dll
0x00007ff9202a0000 - 0x00007ff920448000 	C:\WINDOWS\SYSTEM32\WindowsCodecs.dll
0x00007ff91cce0000 - 0x00007ff91ccf1000 	C:\Users\chan_\.Xilinx\SDK\2015.4\org.eclipse.osgi\bundles\124\1\.cp\jWinHttp-1.0.0.dll
0x00007ff913650000 - 0x00007ff91371d000 	C:\WINDOWS\SYSTEM32\WINHTTP.dll
0x00007ff911e90000 - 0x00007ff911ecf000 	C:\WINDOWS\system32\mlang.dll
0x00007ff91fa50000 - 0x00007ff91fd06000 	C:\WINDOWS\system32\d3d11.dll
0x00007ff921a40000 - 0x00007ff921adf000 	C:\WINDOWS\system32\dxgi.dll
0x00007ff921460000 - 0x00007ff92157c000 	C:\WINDOWS\system32\twinapi.appcore.dll
0x0000000180000000 - 0x0000000180012000 	C:\Users\chan_\.Xilinx\SDK\2015.4\org.eclipse.osgi\bundles\121\1\.cp\os\win32\x86_64\localfile_1_0_0.dll
0x00007ff9170f0000 - 0x00007ff917d78000 	C:\Windows\System32\ieframe.dll
0x00007ff90fae0000 - 0x00007ff90faf8000 	C:\Windows\System32\NETAPI32.dll
0x00007ff9133a0000 - 0x00007ff913643000 	C:\Windows\System32\iertutil.dll
0x00007ff9221a0000 - 0x00007ff9221ad000 	C:\Windows\System32\NETUTILS.DLL
0x00007ff91cc80000 - 0x00007ff91cc96000 	C:\Windows\System32\WKSCLI.DLL
0x00007ff924550000 - 0x00007ff9245be000 	C:\WINDOWS\System32\coml2.dll
0x00007ff910de0000 - 0x00007ff910fa2000 	C:\WINDOWS\SYSTEM32\urlmon.dll
0x00007ff8c6880000 - 0x00007ff8c7f2c000 	C:\Windows\System32\mshtml.dll
0x00007ff922700000 - 0x00007ff92272c000 	C:\WINDOWS\SYSTEM32\SspiCli.dll
0x00007ff91c9e0000 - 0x00007ff91ca06000 	C:\Windows\System32\srpapi.dll
0x00007ff910340000 - 0x00007ff9104d7000 	C:\Windows\System32\ieapfltr.dll
0x00007ff9209f0000 - 0x00007ff920a00000 	C:\WINDOWS\system32\msimtf.dll
0x00007ff90fb00000 - 0x00007ff90fb0c000 	C:\WINDOWS\SYSTEM32\Secur32.dll
0x00007ff9109a0000 - 0x00007ff9109b5000 	C:\WINDOWS\SYSTEM32\ondemandconnroutehelper.dll
0x00007ff9153d0000 - 0x00007ff9153db000 	C:\WINDOWS\SYSTEM32\WINNSI.DLL
0x00007ff91dec0000 - 0x00007ff91e41f000 	C:\Windows\System32\d2d1.dll
0x00007ff912d00000 - 0x00007ff912f69000 	C:\Windows\System32\DWrite.dll
0x00007ff91a6f0000 - 0x00007ff91a7b7000 	C:\Windows\System32\jscript.dll
0x00007ff919730000 - 0x00007ff919769000 	C:\Windows\System32\msls31.dll
0x00007ff916ea0000 - 0x00007ff916f97000 	C:\Windows\System32\DDRAW.dll
0x00007ff91a800000 - 0x00007ff91a808000 	C:\Windows\System32\DCIMAN32.dll
0x00007ff91a6e0000 - 0x00007ff91a6ef000 	C:\Xilinx\SDK\2015.4\lib\win64.o\librdi_repo_manager.dll
0x00007ff91a010000 - 0x00007ff91a03a000 	C:\Xilinx\SDK\2015.4\lib\win64.o\libisl_sysinfo.dll
0x00007ff8c5ef0000 - 0x00007ff8c687d000 	C:\Xilinx\SDK\2015.4\lib\win64.o\librdi_common.dll
0x00007ff918eb0000 - 0x00007ff918f04000 	C:\Xilinx\SDK\2015.4\lib\win64.o\librdi_commonxillic.dll
0x00007ff916b60000 - 0x00007ff916c07000 	C:\WINDOWS\SYSTEM32\MSVCP110.dll
0x00007ff916700000 - 0x00007ff9167d4000 	C:\WINDOWS\SYSTEM32\MSVCR110.dll
0x00007ff8fdd20000 - 0x00007ff8fe08e000 	C:\Xilinx\SDK\2015.4\lib\win64.o\libCOIN-all.dll
0x00007ff8ee420000 - 0x00007ff8ee63e000 	C:\Xilinx\SDK\2015.4\lib\win64.o\libXil_lmgr11.dll
0x00007ff923910000 - 0x00007ff923965000 	C:\WINDOWS\System32\WINTRUST.dll
0x00007ff91a410000 - 0x00007ff91a420000 	C:\Xilinx\SDK\2015.4\lib\win64.o\libboost_date_time.dll
0x00007ff919f40000 - 0x00007ff919f62000 	C:\Xilinx\SDK\2015.4\lib\win64.o\libboost_filesystem.dll
0x00007ff8fdc20000 - 0x00007ff8fdd1a000 	C:\Xilinx\SDK\2015.4\lib\win64.o\libboost_regex.dll
0x00007ff919ee0000 - 0x00007ff919ef3000 	C:\Xilinx\SDK\2015.4\lib\win64.o\libboost_signals.dll
0x00007ff91a400000 - 0x00007ff91a409000 	C:\Xilinx\SDK\2015.4\lib\win64.o\libboost_system.dll
0x00007ff919b20000 - 0x00007ff919b3d000 	C:\Xilinx\SDK\2015.4\lib\win64.o\libboost_thread.dll
0x00007ff919690000 - 0x00007ff91969b000 	C:\Xilinx\SDK\2015.4\lib\win64.o\libboost_xilinx.dll
0x00007ff8fc5b0000 - 0x00007ff8fc624000 	C:\Xilinx\SDK\2015.4\lib\win64.o\libboost_program_options.dll
0x00007ff8fc630000 - 0x00007ff8fc6b0000 	C:\Xilinx\SDK\2015.4\lib\win64.o\libhdlpsolve.dll
0x00007ff8fb120000 - 0x00007ff8fb1ba000 	C:\Xilinx\SDK\2015.4\lib\win64.o\libhdxml.dll
0x00007ff8c5ab0000 - 0x00007ff8c5ee4e00 	C:\Xilinx\SDK\2015.4\lib\win64.o\libisl_iostreams.dll
0x00007ff9194d0000 - 0x00007ff9194e5000 	C:\Xilinx\SDK\2015.4\lib\win64.o\pthreadVC2.dll

VM Arguments:
jvm_args: -Dcom.xilinx.sdk.args.hwspec=C:/xapp1285/HW/proj/scaler_to_vpss_v1_0/scaler_to_vpss_v1_0.sdk/scaler_to_vpss.hdf -Xms64m -Xmx512m & 
java_command: <unknown>
java_class_path (initial): C:\Xilinx\SDK\2015.4\eclipse\win64.o\\plugins/org.eclipse.equinox.launcher_1.3.0.v20130327-1440.jar
Launcher Type: generic

Environment Variables:
JAVA_HOME=C:\Program Files\Java\jdk1.8.0_111
PATH=C:/Xilinx/SDK/2015.4/tps/win64/jre/bin/server;C:/Xilinx/SDK/2015.4/tps/win64/jre/bin;C:/Xilinx/SDK/2015.4/tps/win64/jre/lib/amd64;C:\Xilinx\SDK\2015.4\gnuwin\bin;C:\Xilinx\SDK\2015.4\gnu\microblaze\nt\bin;C:\Xilinx\SDK\2015.4\gnu\microblaze\linux_toolchain\nt64_le\bin;C:\Xilinx\SDK\2015.4\gnu\microblaze\linux_toolchain\nt64_be\bin;C:\Xilinx\SDK\2015.4\gnu\arm\nt\bin;C:\Xilinx\SDK\2015.4\gnu\aarch64\nt\aarch64-none\bin;C:\Xilinx\SDK\2015.4\gnu\aarch64\nt\aarch64-linux\bin;C:\Xilinx\SDK\2015.4\gnu\armr5\nt\gcc-arm-none-eabi\bin;C:\Xilinx\SDK\2015.4\gnu\aarch32\nt\gcc-arm-none-eabi\bin;C:\Xilinx\SDK\2015.4\gnu\aarch32\nt\gcc-arm-linux-gnueabi\bin;C:\Xilinx\SDK\2015.4\bin;C:\Xilinx\SDK\2015.4\lib\win64.o;C:\Xilinx\SDK\2015.4\tps\win64\jre\bin\server;C:\Xilinx\SDK\2015.4\tps\win64\jre\bin;C:\Xilinx\Vivado\2015.4\ids_lite\ISE\bin\nt64;C:\Xilinx\Vivado\2015.4\ids_lite\ISE\lib\nt64;C:\Xilinx\Vivado\2015.4\bin;C:\Xilinx\Vivado\2015.4\lib\win64.o;C:\Xilinx\Vivado\2015.4\tps\win64\jre\bin\server;C:\Xilinx\Vivado\2015.4\tps\win64\jre\bin;C:\Xilinx\Vivado_HLS\2015.4\bin;C:\ProgramData\Oracle\Java\javapath;C:\WINDOWS\system32;C:\WINDOWS;C:\WINDOWS\System32\Wbem;C:\WINDOWS\System32\WindowsPowerShell\v1.0\;C:\Program Files (x86)\MiKTeX 2.9\miktex\bin\;C:\GHDL\ghdl\bin;C:\GHDL\gtkwave\bin;C:\Program Files\Git\cmd;C:\Program Files\MATLAB\R2016b\runtime\win64;C:\Program Files\MATLAB\R2016b\bin;C:\Users\chan_\AppData\Local\Programs\Python\Python35\Scripts\;C:\Users\chan_\AppData\Local\Programs\Python\Python35\;C:\Modeltech_pe_edu_10.4a\win32pe_edu;C:\Users\chan_\AppData\Local\Microsoft\WindowsApps;C:\Program Files (x86)\SSH Communications Security\SSH Secure Shell;C:\Users\chan_\Documents\inferno-os\inferno-os\Linux\386\bin;c:\xapp1285\HW\tcl;
USERNAME=chan_
OS=Windows_NT
PROCESSOR_IDENTIFIER=Intel64 Family 6 Model 78 Stepping 3, GenuineIntel



---------------  S Y S T E M  ---------------

OS: Windows 10.0 , 64 bit Build 14393 (10.0.14393.0)

CPU:total 4 (2 cores per cpu, 2 threads per core) family 6 model 78 stepping 3, cmov, cx8, fxsr, mmx, sse, sse2, sse3, ssse3, sse4.1, sse4.2, popcnt, avx, avx2, aes, clmul, erms, rtm, 3dnowpref, lzcnt, ht, tsc, tscinvbit, bmi1, bmi2, adx

Memory: 4k page, physical 4118636k(1195424k free), swap 8444420k(3515252k free)

vm_info: Java HotSpot(TM) 64-Bit Server VM (25.45-b02) for windows-amd64 JRE (1.8.0_45-b15), built on Apr 30 2015 12:40:44 by "java_re" with MS VC++ 10.0 (VS2010)

time: Thu Feb 09 16:01:22 2017
elapsed time: 7241 seconds (0d 2h 0m 41s)

