#-----------------------------------------------------------
# Webtalk v2015.4 (64-bit)
# SW Build 1412921 on Wed Nov 18 09:43:45 MST 2015
# 
# Start of session at: Sun Feb 12 00:53:08 2017
# Process ID: 4068
# Current directory: C:/xapp1285/HW/proj/scaler_to_vpss_v1_0/scaler_to_vpss_v1_0.sdk/webtalk
# Command line: wbtcv.exe -mode batch -source sdk_webtalk.tcl
# Log file: C:/xapp1285/HW/proj/scaler_to_vpss_v1_0/scaler_to_vpss_v1_0.sdk/webtalk/webtalk.log
# Journal file: C:/xapp1285/HW/proj/scaler_to_vpss_v1_0/scaler_to_vpss_v1_0.sdk/webtalk\webtalk.jou
#-----------------------------------------------------------
source sdk_webtalk.tcl
# webtalk_init -webtalk_dir C:\\xapp1285\\HW\\proj\\scaler_to_vpss_v1_0\\scaler_to_vpss_v1_0.sdk\\webtalk
# webtalk_register_client -client project
# webtalk_add_data -client project -key date_generated -value "Sun Feb 12 00:53:08 2017" -context "software_version_and_target_device"
# webtalk_add_data -client project -key product_version -value "SDK v2015.4" -context "software_version_and_target_device"
# webtalk_add_data -client project -key build_version -value "2015.4" -context "software_version_and_target_device"
# webtalk_add_data -client project -key os_platform -value "amd64" -context "software_version_and_target_device"
# webtalk_add_data -client project -key registration_id -value "" -context "software_version_and_target_device"
# webtalk_add_data -client project -key tool_flow -value "SDK" -context "software_version_and_target_device"
# webtalk_add_data -client project -key beta -value "false" -context "software_version_and_target_device"
# webtalk_add_data -client project -key route_design -value "NA" -context "software_version_and_target_device"
# webtalk_add_data -client project -key target_family -value "NA" -context "software_version_and_target_device"
# webtalk_add_data -client project -key target_device -value "NA" -context "software_version_and_target_device"
# webtalk_add_data -client project -key target_package -value "NA" -context "software_version_and_target_device"
# webtalk_add_data -client project -key target_speed -value "NA" -context "software_version_and_target_device"
# webtalk_add_data -client project -key random_id -value "2a9cq4lie27rcqd8ioj9p0gc77" -context "software_version_and_target_device"
# webtalk_add_data -client project -key project_id -value "2015.4_1" -context "software_version_and_target_device"
# webtalk_add_data -client project -key project_iteration -value "1" -context "software_version_and_target_device"
# webtalk_add_data -client project -key os_name -value "" -context "user_environment"
# webtalk_add_data -client project -key os_release -value "" -context "user_environment"
# webtalk_add_data -client project -key cpu_name -value "" -context "user_environment"
# webtalk_add_data -client project -key cpu_speed -value "" -context "user_environment"
# webtalk_add_data -client project -key total_processors -value "" -context "user_environment"
# webtalk_add_data -client project -key system_ram -value "" -context "user_environment"
# webtalk_register_client -client sdk
# webtalk_add_data -client sdk -key uid -value "1486865179839" -context "sdk\\\\bsp/1486865179839"
# webtalk_add_data -client sdk -key hwid -value "1486666874743" -context "sdk\\\\bsp/1486865179839"
# webtalk_add_data -client sdk -key os -value "standalone" -context "sdk\\\\bsp/1486865179839"
# webtalk_add_data -client sdk -key apptemplate -value "hello_world" -context "sdk\\\\bsp/1486865179839"
# webtalk_add_data -client sdk -key uid -value "1486865187108" -context "sdk\\\\application/1486865187108"
# webtalk_add_data -client sdk -key hwid -value "1486666874743" -context "sdk\\\\application/1486865187108"
# webtalk_add_data -client sdk -key bspid -value "1486865179839" -context "sdk\\\\application/1486865187108"
# webtalk_add_data -client sdk -key newbsp -value "true" -context "sdk\\\\application/1486865187108"
# webtalk_add_data -client sdk -key os -value "standalone" -context "sdk\\\\application/1486865187108"
# webtalk_add_data -client sdk -key apptemplate -value "hello_world" -context "sdk\\\\application/1486865187108"
# webtalk_transmit -clientid 2914093625 -regid "" -xml C:\\xapp1285\\HW\\proj\\scaler_to_vpss_v1_0\\scaler_to_vpss_v1_0.sdk\\webtalk\\usage_statistics_ext_sdk.xml -html C:\\xapp1285\\HW\\proj\\scaler_to_vpss_v1_0\\scaler_to_vpss_v1_0.sdk\\webtalk\\usage_statistics_ext_sdk.html -wdm C:\\xapp1285\\HW\\proj\\scaler_to_vpss_v1_0\\scaler_to_vpss_v1_0.sdk\\webtalk\\sdk_webtalk.wdm -intro "<H3>SDK Usage Report</H3><BR>"

    while executing
"webtalk_transmit -clientid 2914093625 -regid "" -xml C:\\xapp1285\\HW\\proj\\scaler_to_vpss_v1_0\\scaler_to_vpss_v1_0.sdk\\webtalk\\usage_statistics_e..."
    (file "sdk_webtalk.tcl" line 35)
INFO: [Common 17-206] Exiting Webtalk at Sun Feb 12 00:56:12 2017...
